Active-HDL 12.0.118.7745 2025-04-16 18:42:04

Elaboration top modules:
Architecture                  stopwatch(stopwatch)


--------------------------------------------------------------------------------------------------------
Entity      | Architecture    | Library          | Info | Compiler Version        | Compilation Options
--------------------------------------------------------------------------------------------------------
stopwatch   | stopwatch       | Stopwatch_timing |      | 12.0.118.7745 (Windows) | -O3
Controller  | Controller_arch | stopwatch        |      | 12.0.118.7745 (Windows) | -O3
sevenseg    | behavioral      | stopwatch        |      | 12.0.118.7745 (Windows) | -O3
BCD_counter | behavioral      | stopwatch        |      | 12.0.118.7745 (Windows) | -O3
Clock_Gen   | behavioral      | stopwatch        |      | 12.0.118.7745 (Windows) | -O3
--------------------------------------------------------------------------------------------------------

--------------------------------------------------------------------------------------------------------
VHDL Package                  | Library          | Info | Compiler Version        | Compilation Options
--------------------------------------------------------------------------------------------------------
standard                      | std              |      |                         | <unavailable>
TEXTIO                        | std              |      |                         | <unavailable>
std_logic_1164                | ieee             |      |                         | <unavailable>
std_logic_arith               | ieee             |      |                         | <unavailable>
STD_LOGIC_UNSIGNED            | ieee             |      |                         | <unavailable>
STD_LOGIC_SIGNED              | ieee             |      |                         | <unavailable>
NUMERIC_STD                   | ieee             |      |                         | <unavailable>
--------------------------------------------------------------------------------------------------------

--------------------------------------------------------------------------------------------------------
Library                       | Comment
--------------------------------------------------------------------------------------------------------
ieee                          | Standard IEEE packages library
std                           | Standard VHDL library
stopwatch                     | None
Stopwatch_timing              | None
--------------------------------------------------------------------------------------------------------
