Analysis & Synthesis report for stopwatch
Thu Apr 17 14:28:01 2025
Quartus Prime Version 20.1.1 Build 720 11/11/2020 SJ Lite Edition


---------------------
; Table of Contents ;
---------------------
  1. Legal Notice
  2. Analysis & Synthesis Summary
  3. Analysis & Synthesis Settings
  4. Parallel Compilation
  5. Analysis & Synthesis Messages



----------------
; Legal Notice ;
----------------
Copyright (C) 2020  Intel Corporation. All rights reserved.
Your use of Intel Corporation's design tools, logic functions 
and other software and tools, and any partner logic 
functions, and any output files from any of the foregoing 
(including device programming or simulation files), and any 
associated documentation or information are expressly subject 
to the terms and conditions of the Intel Program License 
Subscription Agreement, the Intel Quartus Prime License Agreement,
the Intel FPGA IP License Agreement, or other applicable license
agreement, including, without limitation, that your use is for
the sole purpose of programming logic devices manufactured by
Intel and sold by Intel or its authorized distributors.  Please
refer to the applicable agreement for further details, at
https://fpgasoftware.intel.com/eula.



+---------------------------------------------------------------------------+
; Analysis & Synthesis Summary                                              ;
+-----------------------------+---------------------------------------------+
; Analysis & Synthesis Status ; Failed - Thu Apr 17 14:28:01 2025           ;
; Quartus Prime Version       ; 20.1.1 Build 720 11/11/2020 SJ Lite Edition ;
; Revision Name               ; stopwatch                                   ;
; Top-level Entity Name       ; stopwatch                                   ;
; Family                      ; Cyclone V                                   ;
; Logic utilization (in ALMs) ; N/A until Partition Merge                   ;
; Total registers             ; N/A until Partition Merge                   ;
; Total pins                  ; N/A until Partition Merge                   ;
; Total virtual pins          ; N/A until Partition Merge                   ;
; Total block memory bits     ; N/A until Partition Merge                   ;
; Total PLLs                  ; N/A until Partition Merge                   ;
; Total DLLs                  ; N/A until Partition Merge                   ;
+-----------------------------+---------------------------------------------+


+---------------------------------------------------------------------------------------------------------------------------+
; Analysis & Synthesis Settings                                                                                             ;
+---------------------------------------------------------------------------------+--------------------+--------------------+
; Option                                                                          ; Setting            ; Default Value      ;
+---------------------------------------------------------------------------------+--------------------+--------------------+
; Device                                                                          ; 5CGXFC7C7F23C8     ;                    ;
; Top-level entity name                                                           ; stopwatch          ; stopwatch          ;
; Family name                                                                     ; Cyclone V          ; Cyclone V          ;
; Use smart compilation                                                           ; Off                ; Off                ;
; Enable parallel Assembler and Timing Analyzer during compilation                ; On                 ; On                 ;
; Enable compact report table                                                     ; Off                ; Off                ;
; Restructure Multiplexers                                                        ; Auto               ; Auto               ;
; MLAB Add Timing Constraints For Mixed-Port Feed-Through Mode Setting Don't Care ; Off                ; Off                ;
; Create Debugging Nodes for IP Cores                                             ; Off                ; Off                ;
; Preserve fewer node names                                                       ; On                 ; On                 ;
; Intel FPGA IP Evaluation Mode                                                   ; Enable             ; Enable             ;
; Verilog Version                                                                 ; Verilog_2001       ; Verilog_2001       ;
; VHDL Version                                                                    ; VHDL_1993          ; VHDL_1993          ;
; State Machine Processing                                                        ; Auto               ; Auto               ;
; Safe State Machine                                                              ; Off                ; Off                ;
; Extract Verilog State Machines                                                  ; On                 ; On                 ;
; Extract VHDL State Machines                                                     ; On                 ; On                 ;
; Ignore Verilog initial constructs                                               ; Off                ; Off                ;
; Iteration limit for constant Verilog loops                                      ; 5000               ; 5000               ;
; Iteration limit for non-constant Verilog loops                                  ; 250                ; 250                ;
; Add Pass-Through Logic to Inferred RAMs                                         ; On                 ; On                 ;
; Infer RAMs from Raw Logic                                                       ; On                 ; On                 ;
; Parallel Synthesis                                                              ; On                 ; On                 ;
; DSP Block Balancing                                                             ; Auto               ; Auto               ;
; NOT Gate Push-Back                                                              ; On                 ; On                 ;
; Power-Up Don't Care                                                             ; On                 ; On                 ;
; Remove Redundant Logic Cells                                                    ; Off                ; Off                ;
; Remove Duplicate Registers                                                      ; On                 ; On                 ;
; Ignore CARRY Buffers                                                            ; Off                ; Off                ;
; Ignore CASCADE Buffers                                                          ; Off                ; Off                ;
; Ignore GLOBAL Buffers                                                           ; Off                ; Off                ;
; Ignore ROW GLOBAL Buffers                                                       ; Off                ; Off                ;
; Ignore LCELL Buffers                                                            ; Off                ; Off                ;
; Ignore SOFT Buffers                                                             ; On                 ; On                 ;
; Limit AHDL Integers to 32 Bits                                                  ; Off                ; Off                ;
; Optimization Technique                                                          ; Balanced           ; Balanced           ;
; Carry Chain Length                                                              ; 70                 ; 70                 ;
; Auto Carry Chains                                                               ; On                 ; On                 ;
; Auto Open-Drain Pins                                                            ; On                 ; On                 ;
; Perform WYSIWYG Primitive Resynthesis                                           ; Off                ; Off                ;
; Auto ROM Replacement                                                            ; On                 ; On                 ;
; Auto RAM Replacement                                                            ; On                 ; On                 ;
; Auto DSP Block Replacement                                                      ; On                 ; On                 ;
; Auto Shift Register Replacement                                                 ; Auto               ; Auto               ;
; Allow Shift Register Merging across Hierarchies                                 ; Auto               ; Auto               ;
; Auto Clock Enable Replacement                                                   ; On                 ; On                 ;
; Strict RAM Replacement                                                          ; Off                ; Off                ;
; Allow Synchronous Control Signals                                               ; On                 ; On                 ;
; Force Use of Synchronous Clear Signals                                          ; Off                ; Off                ;
; Auto Resource Sharing                                                           ; Off                ; Off                ;
; Allow Any RAM Size For Recognition                                              ; Off                ; Off                ;
; Allow Any ROM Size For Recognition                                              ; Off                ; Off                ;
; Allow Any Shift Register Size For Recognition                                   ; Off                ; Off                ;
; Use LogicLock Constraints during Resource Balancing                             ; On                 ; On                 ;
; Ignore translate_off and synthesis_off directives                               ; Off                ; Off                ;
; Timing-Driven Synthesis                                                         ; On                 ; On                 ;
; Report Parameter Settings                                                       ; On                 ; On                 ;
; Report Source Assignments                                                       ; On                 ; On                 ;
; Report Connectivity Checks                                                      ; On                 ; On                 ;
; Ignore Maximum Fan-Out Assignments                                              ; Off                ; Off                ;
; Synchronization Register Chain Length                                           ; 3                  ; 3                  ;
; Power Optimization During Synthesis                                             ; Normal compilation ; Normal compilation ;
; HDL message level                                                               ; Level2             ; Level2             ;
; Suppress Register Optimization Related Messages                                 ; Off                ; Off                ;
; Number of Removed Registers Reported in Synthesis Report                        ; 5000               ; 5000               ;
; Number of Swept Nodes Reported in Synthesis Report                              ; 5000               ; 5000               ;
; Number of Inverted Registers Reported in Synthesis Report                       ; 100                ; 100                ;
; Clock MUX Protection                                                            ; On                 ; On                 ;
; Auto Gated Clock Conversion                                                     ; Off                ; Off                ;
; Block Design Naming                                                             ; Auto               ; Auto               ;
; SDC constraint protection                                                       ; Off                ; Off                ;
; Synthesis Effort                                                                ; Auto               ; Auto               ;
; Shift Register Replacement - Allow Asynchronous Clear Signal                    ; On                 ; On                 ;
; Pre-Mapping Resynthesis Optimization                                            ; Off                ; Off                ;
; Analysis & Synthesis Message Level                                              ; Medium             ; Medium             ;
; Disable Register Merging Across Hierarchies                                     ; Auto               ; Auto               ;
; Resource Aware Inference For Block RAM                                          ; On                 ; On                 ;
; Automatic Parallel Synthesis                                                    ; On                 ; On                 ;
; Partial Reconfiguration Bitstream ID                                            ; Off                ; Off                ;
+---------------------------------------------------------------------------------+--------------------+--------------------+


+------------------------------------------+
; Parallel Compilation                     ;
+----------------------------+-------------+
; Processors                 ; Number      ;
+----------------------------+-------------+
; Number detected on machine ; 12          ;
; Maximum allowed            ; 12          ;
;                            ;             ;
; Average used               ; 1.00        ;
; Maximum used               ; 1           ;
;                            ;             ;
; Usage by Processor         ; % Time Used ;
;     Processor 1            ; 100.0%      ;
+----------------------------+-------------+


+-------------------------------+
; Analysis & Synthesis Messages ;
+-------------------------------+
Info: *******************************************************************
Info: Running Quartus Prime Analysis & Synthesis
    Info: Version 20.1.1 Build 720 11/11/2020 SJ Lite Edition
    Info: Processing started: Thu Apr 17 14:27:51 2025
Info: Command: quartus_map --read_settings_files=on --write_settings_files=off Stopwatch -c stopwatch
Info (20034): Auto device selection is not supported for Cyclone V device family. The default device, 5CGXFC7C7F23C8, is set.
Warning (18236): Number of processors has not been specified which may cause overloading on shared machines.  Set the global assignment NUM_PARALLEL_PROCESSORS in your QSF to an appropriate value for best performance.
Info (20030): Parallel compilation is enabled and will use 12 of the 12 processors detected
Info (12021): Found 2 design units, including 1 entities, in source file /neros/documents/github/ece441_final/stopwatch/compile/stopwatch.vhd
    Info (12022): Found design unit 1: stopwatch-stopwatch File: F:/Neros/Documents/GitHub/ECE441_final/Stopwatch/compile/stopwatch.vhd Line: 36
    Info (12023): Found entity 1: stopwatch File: F:/Neros/Documents/GitHub/ECE441_final/Stopwatch/compile/stopwatch.vhd Line: 24
Info (12021): Found 2 design units, including 1 entities, in source file /neros/documents/github/ece441_final/stopwatch/src/sevenseg.vhd
    Info (12022): Found design unit 1: sevenseg-behavioral File: F:/Neros/Documents/GitHub/ECE441_final/Stopwatch/src/sevenseg.vhd Line: 14
    Info (12023): Found entity 1: sevenseg File: F:/Neros/Documents/GitHub/ECE441_final/Stopwatch/src/sevenseg.vhd Line: 7
Info (12021): Found 2 design units, including 1 entities, in source file /neros/documents/github/ece441_final/stopwatch/src/bcd_counter.vhd
    Info (12022): Found design unit 1: BCD_counter-behavioral File: F:/Neros/Documents/GitHub/ECE441_final/Stopwatch/src/BCD_counter.vhd Line: 20
    Info (12023): Found entity 1: BCD_counter File: F:/Neros/Documents/GitHub/ECE441_final/Stopwatch/src/BCD_counter.vhd Line: 8
Info (12021): Found 2 design units, including 1 entities, in source file /neros/documents/github/ece441_final/stopwatch/compile/controller.vhd
    Info (12022): Found design unit 1: Controller-Controller_arch File: F:/Neros/Documents/GitHub/ECE441_final/Stopwatch/compile/Controller.vhd Line: 37
    Info (12023): Found entity 1: Controller File: F:/Neros/Documents/GitHub/ECE441_final/Stopwatch/compile/Controller.vhd Line: 27
Info (12021): Found 2 design units, including 1 entities, in source file /neros/documents/github/ece441_final/stopwatch/compile/clock_gen.vhd
    Info (12022): Found design unit 1: Clock_Gen-Clock_Gen File: F:/Neros/Documents/GitHub/ECE441_final/Stopwatch/compile/Clock_Gen.vhd Line: 35
    Info (12023): Found entity 1: Clock_Gen File: F:/Neros/Documents/GitHub/ECE441_final/Stopwatch/compile/Clock_Gen.vhd Line: 27
Info (12127): Elaborating entity "stopwatch" for the top level hierarchy
Info (12128): Elaborating entity "Controller" for hierarchy "Controller:U1" File: F:/Neros/Documents/GitHub/ECE441_final/Stopwatch/compile/stopwatch.vhd Line: 91
Info (12128): Elaborating entity "sevenseg" for hierarchy "sevenseg:U2" File: F:/Neros/Documents/GitHub/ECE441_final/Stopwatch/compile/stopwatch.vhd Line: 100
Info (12128): Elaborating entity "BCD_counter" for hierarchy "BCD_counter:U6" File: F:/Neros/Documents/GitHub/ECE441_final/Stopwatch/compile/stopwatch.vhd Line: 124
Info (12128): Elaborating entity "Clock_Gen" for hierarchy "Clock_Gen:U7" File: F:/Neros/Documents/GitHub/ECE441_final/Stopwatch/compile/stopwatch.vhd Line: 135
Warning (12125): Using design file /neros/documents/github/ece441_final/stopwatch/src/clock_div_gen.vhd, which is not specified as a design file for the current project, but contains definitions for 2 design units and 1 entities in project
    Info (12022): Found design unit 1: Clock_Div_Gen-behavioral File: F:/Neros/Documents/GitHub/ECE441_final/Stopwatch/src/clock_div_gen.vhd Line: 19
    Info (12023): Found entity 1: Clock_Div_Gen File: F:/Neros/Documents/GitHub/ECE441_final/Stopwatch/src/clock_div_gen.vhd Line: 7
Info (12128): Elaborating entity "Clock_Div_Gen" for hierarchy "Clock_Gen:U7|Clock_Div_Gen:U1" File: F:/Neros/Documents/GitHub/ECE441_final/Stopwatch/compile/Clock_Gen.vhd Line: 54
Error (12077): Node instance "U1" instantiated with unknown parameter "clk_divisor" File: F:/Neros/Documents/GitHub/ECE441_final/Stopwatch/compile/Clock_Gen.vhd Line: 54
Error (12152): Can't elaborate user hierarchy "Clock_Gen:U7|Clock_Div_Gen:U1" File: F:/Neros/Documents/GitHub/ECE441_final/Stopwatch/compile/Clock_Gen.vhd Line: 54
Error: Quartus Prime Analysis & Synthesis was unsuccessful. 2 errors, 2 warnings
    Error: Peak virtual memory: 4836 megabytes
    Error: Processing ended: Thu Apr 17 14:28:01 2025
    Error: Elapsed time: 00:00:10
    Error: Total CPU time (on all processors): 00:00:23


